<?xml version="1.0" encoding="UTF-8"?>
<testng-results skipped="0" failed="0" ignored="0" total="1" passed="1">
  <reporter-output>
  </reporter-output>
  <suite name="Suite" duration-ms="50" started-at="2018-02-05T05:32:54Z" finished-at="2018-02-05T05:32:54Z">
    <groups>
    </groups>
    <test name="Test" duration-ms="50" started-at="2018-02-05T05:32:54Z" finished-at="2018-02-05T05:32:54Z">
      <class name="automation.NewTest">
        <test-method status="PASS" signature="beforeMethod()[pri:0, instance:automation.NewTest@735b5592]" name="beforeMethod" is-config="true" duration-ms="7" started-at="2018-02-05T11:02:54Z" finished-at="2018-02-05T11:02:54Z">
          <reporter-output>
          </reporter-output>
        </test-method> <!-- beforeMethod -->
        <test-method status="PASS" signature="f()[pri:0, instance:automation.NewTest@735b5592]" name="f" duration-ms="8" started-at="2018-02-05T11:02:54Z" finished-at="2018-02-05T11:02:54Z">
          <reporter-output>
          </reporter-output>
        </test-method> <!-- f -->
        <test-method status="PASS" signature="afterMethod()[pri:0, instance:automation.NewTest@735b5592]" name="afterMethod" is-config="true" duration-ms="2" started-at="2018-02-05T11:02:54Z" finished-at="2018-02-05T11:02:54Z">
          <reporter-output>
          </reporter-output>
        </test-method> <!-- afterMethod -->
      </class> <!-- automation.NewTest -->
    </test> <!-- Test -->
  </suite> <!-- Suite -->
</testng-results>
